[adminlte.io/themes/AdminLTE/index2.html]
[backblue.gif]
[fade.gif]
[index.html]
[adminlte.io/themes/AdminLTE/bootstrap/css/bootstrap.min.css]
[cdnjs.cloudflare.com/ajax/libs/font-awesome/4.5.0/css/font-awesome.min.css]
[cdnjs.cloudflare.com/ajax/libs/ionicons/2.0.1/css/ionicons.min.css]
[adminlte.io/themes/AdminLTE/plugins/jvectormap/jquery-jvectormap-1.2.2.css]
[adminlte.io/themes/AdminLTE/dist/css/AdminLTE.min.css]
[adminlte.io/themes/AdminLTE/dist/css/skins/_all-skins.min.css]
[adminlte.io/themes/AdminLTE/dist/img/user2-160x160.jpg]
[adminlte.io/themes/AdminLTE/dist/img/user3-128x128.jpg]
[adminlte.io/themes/AdminLTE/dist/img/user4-128x128.jpg]
[adminlte.io/themes/AdminLTE/index.html]
[adminlte.io/themes/AdminLTE/pages/layout/top-nav.html]
[adminlte.io/themes/AdminLTE/pages/layout/boxed.html]
[adminlte.io/themes/AdminLTE/pages/layout/fixed.html]
[adminlte.io/themes/AdminLTE/pages/layout/collapsed-sidebar.html]
[adminlte.io/themes/AdminLTE/pages/widgets.html]
[adminlte.io/themes/AdminLTE/pages/charts/chartjs.html]
[adminlte.io/themes/AdminLTE/pages/charts/morris.html]
[adminlte.io/themes/AdminLTE/pages/charts/flot.html]
[adminlte.io/themes/AdminLTE/pages/charts/inline.html]
[adminlte.io/themes/AdminLTE/pages/UI/general.html]
[adminlte.io/themes/AdminLTE/pages/UI/icons.html]
[adminlte.io/themes/AdminLTE/pages/UI/buttons.html]
[adminlte.io/themes/AdminLTE/pages/UI/sliders.html]
[adminlte.io/themes/AdminLTE/pages/UI/timeline.html]
[adminlte.io/themes/AdminLTE/pages/UI/modals.html]
[adminlte.io/themes/AdminLTE/pages/forms/general.html]
[adminlte.io/themes/AdminLTE/pages/forms/advanced.html]
[adminlte.io/themes/AdminLTE/pages/forms/editors.html]
[adminlte.io/themes/AdminLTE/pages/tables/simple.html]
[adminlte.io/themes/AdminLTE/pages/tables/data.html]
[adminlte.io/themes/AdminLTE/pages/calendar.html]
[adminlte.io/themes/AdminLTE/pages/mailbox/mailbox.html]
[adminlte.io/themes/AdminLTE/pages/examples/invoice.html]
[adminlte.io/themes/AdminLTE/pages/examples/profile.html]
[adminlte.io/themes/AdminLTE/pages/examples/login.html]
[adminlte.io/themes/AdminLTE/pages/examples/register.html]
[adminlte.io/themes/AdminLTE/pages/examples/lockscreen.html]
[adminlte.io/themes/AdminLTE/pages/examples/404.html]
[adminlte.io/themes/AdminLTE/pages/examples/500.html]
[adminlte.io/themes/AdminLTE/pages/examples/blank.html]
[adminlte.io/themes/AdminLTE/pages/examples/pace.html]
[adminlte.io/themes/AdminLTE/documentation/index.html]
[adminlte.io/themes/AdminLTE/dist/img/user1-128x128.jpg]
[adminlte.io/themes/AdminLTE/dist/img/user7-128x128.jpg]
[adminlte.io/themes/AdminLTE/dist/img/user5-128x128.jpg]
[adminlte.io/themes/AdminLTE/dist/img/user6-128x128.jpg]
[adminlte.io/themes/AdminLTE/dist/img/user8-128x128.jpg]
[adminlte.io/themes/AdminLTE/dist/img/default-50x50.gif]
[adminlte.io/themes/AdminLTE/plugins/jQuery/jquery-3.1.1.min.js]
[adminlte.io/themes/AdminLTE/bootstrap/js/bootstrap.min.js]
[adminlte.io/themes/AdminLTE/plugins/fastclick/fastclick.js]
[adminlte.io/themes/AdminLTE/dist/js/adminlte.js]
[adminlte.io/themes/AdminLTE/plugins/sparkline/jquery.sparkline.min.js]
[adminlte.io/themes/AdminLTE/plugins/jvectormap/jquery-jvectormap-1.2.2.min.js]
[adminlte.io/themes/AdminLTE/plugins/jvectormap/jquery-jvectormap-world-mill-en.js]
[adminlte.io/themes/AdminLTE/plugins/slimScroll/jquery.slimscroll.min.js]
[adminlte.io/themes/AdminLTE/plugins/chartjs/Chart.min.js]
[adminlte.io/themes/AdminLTE/dist/js/pages/dashboard2.js]
[adminlte.io/themes/AdminLTE/index2.html]
[adminlte.io/themes/AdminLTE/dist/js/demo.js]
[adminlte.io/themes/AdminLTE/bootstrap/fonts/glyphicons-halflings-regular.eot]
[adminlte.io/themes/AdminLTE/bootstrap/fonts/glyphicons-halflings-regulard41d.eot]
[adminlte.io/themes/AdminLTE/bootstrap/fonts/glyphicons-halflings-regular.woff2]
[adminlte.io/themes/AdminLTE/bootstrap/fonts/glyphicons-halflings-regular.woff]
[adminlte.io/themes/AdminLTE/bootstrap/fonts/glyphicons-halflings-regular.ttf]
[adminlte.io/themes/AdminLTE/bootstrap/css/bootstrap.min.css]
[cdnjs.cloudflare.com/ajax/libs/font-awesome/4.5.0/css/font-awesome.min.css]
[cdnjs.cloudflare.com/ajax/libs/ionicons/2.0.1/css/ionicons.min.css]
[adminlte.io/themes/AdminLTE/plugins/jvectormap/jquery-jvectormap-1.2.2.css]
[adminlte.io/themes/AdminLTE/bootstrap/fonts/glyphicons-halflings-regular.svg]
[adminlte.io/themes/AdminLTE/dist/img/boxed-bg.jpg]
[adminlte.io/themes/AdminLTE/dist/css/AdminLTE.min.css]
[adminlte.io/themes/AdminLTE/dist/css/skins/_all-skins.min.css]
[adminlte.io/themes/AdminLTE/plugins/morris/morris.css]
[adminlte.io/themes/AdminLTE/plugins/datepicker/datepicker3.css]
[adminlte.io/themes/AdminLTE/plugins/daterangepicker/daterangepicker.css]
[adminlte.io/themes/AdminLTE/plugins/bootstrap-wysihtml5/bootstrap3-wysihtml5.min.css]
[cdnjs.cloudflare.com/ajax/libs/raphael/2.1.0/raphael-min.js]
[code.jquery.com/ui/1.11.4/jquery-ui.min.js]
[adminlte.io/themes/AdminLTE/plugins/morris/morris.min.js]
[adminlte.io/themes/AdminLTE/plugins/knob/jquery.knob.js]
[cdnjs.cloudflare.com/ajax/libs/moment.js/2.11.2/moment.min.js]
[adminlte.io/themes/AdminLTE/plugins/daterangepicker/daterangepicker.js]
[adminlte.io/themes/AdminLTE/plugins/datepicker/bootstrap-datepicker.js]
[adminlte.io/themes/AdminLTE/plugins/bootstrap-wysihtml5/bootstrap3-wysihtml5.all.min.js]
[adminlte.io/themes/AdminLTE/dist/js/adminlte.min.js]
[adminlte.io/themes/AdminLTE/index.html]
[adminlte.io/themes/AdminLTE/pages/layout/top-nav.html]
[adminlte.io/themes/AdminLTE/pages/layout/boxed.html]
[adminlte.io/themes/AdminLTE/pages/layout/fixed.html]
[adminlte.io/themes/AdminLTE/pages/layout/collapsed-sidebar.html]
[adminlte.io/themes/AdminLTE/dist/js/pages/dashboard.js]
[adminlte.io/themes/AdminLTE/dist/img/photo1.png]
[adminlte.io/themes/AdminLTE/dist/img/photo2.png]
[adminlte.io/themes/AdminLTE/pages/widgets.html]
[adminlte.io/themes/AdminLTE/pages/charts/chartjs.html]
[adminlte.io/themes/AdminLTE/pages/charts/morris.html]
[adminlte.io/themes/AdminLTE/plugins/flot/jquery.flot.min.js]
[adminlte.io/themes/AdminLTE/plugins/flot/jquery.flot.resize.min.js]
[adminlte.io/themes/AdminLTE/plugins/flot/jquery.flot.pie.min.js]
[adminlte.io/themes/AdminLTE/pages/charts/flot.html]
[adminlte.io/themes/AdminLTE/pages/charts/inline.html]
[adminlte.io/themes/AdminLTE/pages/UI/general.html]
[adminlte.io/themes/AdminLTE/pages/UI/icons.html]
[adminlte.io/themes/AdminLTE/pages/UI/buttons.html]
[adminlte.io/themes/AdminLTE/plugins/flot/jquery.flot.categories.min.js]
[adminlte.io/themes/AdminLTE/plugins/bootstrap-slider/slider.css]
[adminlte.io/themes/AdminLTE/pages/UI/sliders.html]
[adminlte.io/themes/AdminLTE/pages/UI/timeline.html]
[adminlte.io/themes/AdminLTE/pages/UI/modals.html]
[adminlte.io/themes/AdminLTE/pages/forms/general.html]
[adminlte.io/themes/AdminLTE/plugins/bootstrap-slider/bootstrap-slider.js]
[adminlte.io/themes/AdminLTE/plugins/iCheck/all.css]
[adminlte.io/themes/AdminLTE/plugins/colorpicker/bootstrap-colorpicker.min.css]
[adminlte.io/themes/AdminLTE/plugins/timepicker/bootstrap-timepicker.min.css]
[adminlte.io/themes/AdminLTE/plugins/select2/select2.min.css]
[adminlte.io/themes/AdminLTE/plugins/select2/select2.full.min.js]
[adminlte.io/themes/AdminLTE/plugins/input-mask/jquery.inputmask.js]
[adminlte.io/themes/AdminLTE/plugins/input-mask/jquery.inputmask.date.extensions.js]
[adminlte.io/themes/AdminLTE/plugins/input-mask/jquery.inputmask.extensions.js]
[adminlte.io/themes/AdminLTE/plugins/colorpicker/bootstrap-colorpicker.min.js]
[adminlte.io/themes/AdminLTE/plugins/timepicker/bootstrap-timepicker.min.js]
[adminlte.io/themes/AdminLTE/pages/forms/advanced.html]
[adminlte.io/themes/AdminLTE/plugins/iCheck/icheck.min.js]
[cdn.ckeditor.com/4.5.7/standard/ckeditor.js]
[adminlte.io/themes/AdminLTE/pages/forms/editor1]
[adminlte.io/themes/AdminLTE/pages/forms/editors.html]
[adminlte.io/themes/AdminLTE/pages/tables/simple.html]
[adminlte.io/themes/AdminLTE/plugins/datatables/dataTables.bootstrap.css]
[adminlte.io/themes/AdminLTE/plugins/datatables/jquery.dataTables.min.js]
[adminlte.io/themes/AdminLTE/pages/tables/data.html]
[adminlte.io/themes/AdminLTE/plugins/datatables/dataTables.bootstrap.min.js]
[adminlte.io/themes/AdminLTE/plugins/fullcalendar/fullcalendar.min.css]
[adminlte.io/themes/AdminLTE/plugins/fullcalendar/fullcalendar.print.css]
[adminlte.io/themes/AdminLTE/pages/calendar.html]
[adminlte.io/themes/AdminLTE/plugins/fullcalendar/fullcalendar.min.js]
[adminlte.io/themes/AdminLTE/plugins/iCheck/flat/blue.css]
[adminlte.io/themes/AdminLTE/pages/mailbox/compose.html]
[adminlte.io/themes/AdminLTE/pages/mailbox/mailbox.html]
[adminlte.io/themes/AdminLTE/pages/mailbox/read-mail.html]
[adminlte.io/themes/AdminLTE/dist/img/credit/visa.png]
[adminlte.io/themes/AdminLTE/dist/img/credit/mastercard.png]
[adminlte.io/themes/AdminLTE/dist/img/credit/american-express.png]
[adminlte.io/themes/AdminLTE/dist/img/credit/paypal2.png]
[adminlte.io/themes/AdminLTE/pages/examples/invoice.html]
[adminlte.io/themes/AdminLTE/pages/examples/invoice-print.html]
[adminlte.io/themes/AdminLTE/dist/img/photo3.jpg]
[adminlte.io/themes/AdminLTE/dist/img/photo4.jpg]
[adminlte.io/themes/AdminLTE/pages/examples/profile.html]
[adminlte.io/themes/AdminLTE/pages/examples/login.html]
[adminlte.io/themes/AdminLTE/pages/examples/register.html]
[adminlte.io/themes/AdminLTE/pages/examples/lockscreen.html]
[adminlte.io/themes/AdminLTE/pages/examples/404.html]
[adminlte.io/themes/AdminLTE/pages/examples/500.html]
[adminlte.io/themes/AdminLTE/pages/examples/blank.html]
[adminlte.io/themes/AdminLTE/plugins/iCheck/square/blue.css]
[adminlte.io/themes/AdminLTE/plugins/pace/pace.min.css]
[adminlte.io/themes/AdminLTE/pages/examples/pace.html]
[adminlte.io/themes/AdminLTE/plugins/pace/pace.min.js]
[adminlte.io/themes/AdminLTE/documentation/style.css]
[adminlte.io/themes/AdminLTE/starter.html]
[adminlte.io/themes/AdminLTE/documentation/index2.html]
[adminlte.io/themes/AdminLTE/plugins/fastclick/fastclick.min.js]
[adminlte.io/themes/AdminLTE/documentation/index.html]
[adminlte.io/themes/AdminLTE/bootstrap/fonts/glyphicons-halflings-regular.svg]
[adminlte.io/themes/AdminLTE/plugins/morris/morris.css]
[adminlte.io/themes/AdminLTE/plugins/datepicker/datepicker3.css]
[adminlte.io/themes/AdminLTE/plugins/daterangepicker/daterangepicker.css]
[adminlte.io/themes/AdminLTE/plugins/bootstrap-wysihtml5/bootstrap3-wysihtml5.min.css]
[adminlte.io/themes/AdminLTE/plugins/bootstrap-slider/slider.css]
[adminlte.io/themes/AdminLTE/documentation/docs.js]
[adminlte.io/themes/AdminLTE/plugins/iCheck/minimal/_all.css]
[adminlte.io/themes/AdminLTE/plugins/iCheck/square/_all.css]
[adminlte.io/themes/AdminLTE/plugins/iCheck/flat/_all.css]
[adminlte.io/themes/AdminLTE/plugins/iCheck/line/_all.css]
[adminlte.io/themes/AdminLTE/plugins/iCheck/polaris/polaris.css]
[adminlte.io/themes/AdminLTE/plugins/iCheck/all.css]
[adminlte.io/themes/AdminLTE/plugins/iCheck/futurico/futurico.css]
[adminlte.io/themes/AdminLTE/plugins/colorpicker/img/saturation.png]
[adminlte.io/themes/AdminLTE/plugins/colorpicker/img/hue.png]
[adminlte.io/themes/AdminLTE/plugins/colorpicker/img/alpha.png]
[adminlte.io/themes/AdminLTE/plugins/colorpicker/img/hue-horizontal.png]
[adminlte.io/themes/AdminLTE/plugins/colorpicker/img/alpha-horizontal.png]
[adminlte.io/themes/AdminLTE/plugins/colorpicker/bootstrap-colorpicker.min.css]
[adminlte.io/themes/AdminLTE/plugins/timepicker/bootstrap-timepicker.min.css]
[adminlte.io/themes/AdminLTE/plugins/select2/select2.min.css]
[adminlte.io/themes/AdminLTE/pages/forms/editor1.html]
[adminlte.io/themes/AdminLTE/plugins/datatables/dataTables.bootstrap.css]
[adminlte.io/themes/AdminLTE/plugins/fullcalendar/fullcalendar.min.css]
[adminlte.io/themes/AdminLTE/plugins/fullcalendar/fullcalendar.print.css]
[adminlte.io/themes/AdminLTE/plugins/iCheck/flat/blue.png]
[adminlte.io/themes/AdminLTE/plugins/iCheck/flat/blue@2x.png]
[adminlte.io/themes/AdminLTE/plugins/iCheck/flat/blue.css]
[adminlte.io/themes/AdminLTE/pages/mailbox/compose.html]
[adminlte.io/themes/AdminLTE/pages/mailbox/read-mail.html]
[adminlte.io/themes/AdminLTE/pages/examples/invoice-print.html]
[adminlte.io/themes/AdminLTE/plugins/iCheck/square/blue.png]
[adminlte.io/themes/AdminLTE/plugins/iCheck/square/blue@2x.png]
[adminlte.io/themes/AdminLTE/plugins/iCheck/square/blue.css]
[adminlte.io/themes/AdminLTE/plugins/pace/pace.min.css]
[adminlte.io/themes/AdminLTE/documentation/style.css]
[adminlte.io/themes/AdminLTE/starter.html]
[adminlte.io/themes/AdminLTE/documentation/index2.html]
[google-code-prettify.googlecode.com/svn/loader/run_prettify.html]
[adminlte.io/themes/AdminLTE/dist/css/skins/skin-blue.min.css]
[adminlte.io/themes/AdminLTE/plugins/iCheck/minimal/red.png]
[adminlte.io/themes/AdminLTE/plugins/iCheck/minimal/red@2x.png]
[adminlte.io/themes/AdminLTE/plugins/iCheck/minimal/green.png]
[adminlte.io/themes/AdminLTE/plugins/iCheck/minimal/green@2x.png]
[adminlte.io/themes/AdminLTE/plugins/iCheck/minimal/blue.png]
[adminlte.io/themes/AdminLTE/plugins/iCheck/minimal/blue@2x.png]
[adminlte.io/themes/AdminLTE/plugins/iCheck/minimal/aero.png]
[adminlte.io/themes/AdminLTE/plugins/iCheck/minimal/aero@2x.png]
[adminlte.io/themes/AdminLTE/plugins/iCheck/minimal/grey.png]
[adminlte.io/themes/AdminLTE/plugins/iCheck/minimal/grey@2x.png]
[adminlte.io/themes/AdminLTE/plugins/iCheck/minimal/orange.png]
[adminlte.io/themes/AdminLTE/plugins/iCheck/minimal/orange@2x.png]
[adminlte.io/themes/AdminLTE/plugins/iCheck/minimal/yellow.png]
[adminlte.io/themes/AdminLTE/plugins/iCheck/minimal/yellow@2x.png]
[adminlte.io/themes/AdminLTE/plugins/iCheck/minimal/pink.png]
[adminlte.io/themes/AdminLTE/plugins/iCheck/minimal/pink@2x.png]
[adminlte.io/themes/AdminLTE/plugins/iCheck/minimal/purple.png]
[adminlte.io/themes/AdminLTE/plugins/iCheck/minimal/purple@2x.png]
[adminlte.io/themes/AdminLTE/plugins/iCheck/minimal/_all.css]
[adminlte.io/themes/AdminLTE/plugins/iCheck/square/square.png]
[adminlte.io/themes/AdminLTE/plugins/iCheck/square/square@2x.png]
[adminlte.io/themes/AdminLTE/plugins/iCheck/square/red.png]
[adminlte.io/themes/AdminLTE/plugins/iCheck/square/red@2x.png]
[adminlte.io/themes/AdminLTE/plugins/iCheck/square/green.png]
[adminlte.io/themes/AdminLTE/plugins/iCheck/square/green@2x.png]
[adminlte.io/themes/AdminLTE/plugins/iCheck/square/aero.png]
[adminlte.io/themes/AdminLTE/plugins/iCheck/square/aero@2x.png]
[adminlte.io/themes/AdminLTE/plugins/iCheck/square/grey.png]
[adminlte.io/themes/AdminLTE/plugins/iCheck/square/grey@2x.png]
[adminlte.io/themes/AdminLTE/plugins/iCheck/square/orange.png]
[adminlte.io/themes/AdminLTE/plugins/iCheck/square/orange@2x.png]
[adminlte.io/themes/AdminLTE/plugins/iCheck/square/yellow.png]
[adminlte.io/themes/AdminLTE/plugins/iCheck/square/yellow@2x.png]
[adminlte.io/themes/AdminLTE/plugins/iCheck/square/pink.png]
[adminlte.io/themes/AdminLTE/plugins/iCheck/square/pink@2x.png]
[adminlte.io/themes/AdminLTE/plugins/iCheck/square/purple.png]
[adminlte.io/themes/AdminLTE/plugins/iCheck/square/purple@2x.png]
[adminlte.io/themes/AdminLTE/plugins/iCheck/square/_all.css]
[adminlte.io/themes/AdminLTE/plugins/iCheck/flat/flat.png]
[adminlte.io/themes/AdminLTE/plugins/iCheck/flat/flat@2x.png]
[adminlte.io/themes/AdminLTE/plugins/iCheck/flat/red.png]
[adminlte.io/themes/AdminLTE/plugins/iCheck/flat/red@2x.png]
[adminlte.io/themes/AdminLTE/plugins/iCheck/flat/green.png]
[adminlte.io/themes/AdminLTE/plugins/iCheck/flat/green@2x.png]
[adminlte.io/themes/AdminLTE/plugins/iCheck/flat/aero.png]
[adminlte.io/themes/AdminLTE/plugins/iCheck/flat/aero@2x.png]
[adminlte.io/themes/AdminLTE/plugins/iCheck/flat/grey.png]
[adminlte.io/themes/AdminLTE/plugins/iCheck/flat/grey@2x.png]
[adminlte.io/themes/AdminLTE/plugins/iCheck/flat/orange.png]
[adminlte.io/themes/AdminLTE/plugins/iCheck/flat/orange@2x.png]
[adminlte.io/themes/AdminLTE/plugins/iCheck/flat/yellow.png]
[adminlte.io/themes/AdminLTE/plugins/iCheck/flat/yellow@2x.png]
[adminlte.io/themes/AdminLTE/plugins/iCheck/flat/pink.png]
[adminlte.io/themes/AdminLTE/plugins/iCheck/flat/pink@2x.png]
[adminlte.io/themes/AdminLTE/plugins/iCheck/flat/purple.png]
[adminlte.io/themes/AdminLTE/plugins/iCheck/flat/purple@2x.png]
[adminlte.io/themes/AdminLTE/plugins/iCheck/flat/_all.css]
[adminlte.io/themes/AdminLTE/plugins/iCheck/line/line.png]
[adminlte.io/themes/AdminLTE/plugins/iCheck/line/line@2x.png]
[adminlte.io/themes/AdminLTE/plugins/iCheck/line/_all.css]
[adminlte.io/themes/AdminLTE/plugins/iCheck/polaris/polaris.png]
[adminlte.io/themes/AdminLTE/plugins/iCheck/polaris/polaris@2x.png]
[adminlte.io/themes/AdminLTE/plugins/iCheck/polaris/polaris.css]
[adminlte.io/themes/AdminLTE/plugins/iCheck/futurico/futurico.png]
[adminlte.io/themes/AdminLTE/plugins/iCheck/futurico/futurico@2x.png]
[adminlte.io/themes/AdminLTE/plugins/iCheck/futurico/futurico.css]
[adminlte.io/themes/AdminLTE/dist/css/skins/skin-blue.min.css]
